-> python Simulator2.py 
########### STARTING FOR A,2 ###############
0% DONE...
100.0	0.0	0.0
20% DONE...
52.0237398813	6.46846765766	41.507792461
40% DONE...
52.1161197097	6.45573386067	41.4281464296
60% DONE...
52.1550797415	6.43998926668	41.4049309918
80% DONE...
52.1990597512	6.42249197189	41.3784482769
########### FINAL FOR A,2 ###############
52.2014	6.430341.3683
########### STARTING FOR A,3 ###############
0% DONE...
100.0	0.0	0.0
20% DONE...
52.8412357938	6.42796786016	40.730796346
40% DONE...
52.9693675766	6.39148402129	40.6391484021
60% DONE...
52.8629118951	6.41748930418	40.7195988007
80% DONE...
52.9079338651	6.43611695485	40.6559491801
########### FINAL FOR A,3 ###############
52.9276	6.434940.6375
########### STARTING FOR A,4 ###############
0% DONE...
100.0	0.0	0.0
20% DONE...
53.9602301988	6.50096749516	39.538802306
40% DONE...
53.9041152397	6.44548388629	39.650400874
60% DONE...
53.8537435771	6.44098926502	39.7052671579
80% DONE...
53.811182736	6.4462419422	39.7425753218
########### FINAL FOR A,4 ###############
53.7657	6.453339.781
########### STARTING FOR A,5 ###############
0% DONE...
100.0	0.0	0.0
20% DONE...
54.7547262264	6.38696806516	38.8583057085
40% DONE...
54.6188634528	6.42023394942	38.9609025977
60% DONE...
54.6115756474	6.42715595474	38.9612683979
80% DONE...
54.6700566624	6.4391169511	38.8908263865
########### FINAL FOR A,5 ###############
54.6864	6.452938.8607
########### STARTING FOR A,6 ###############
0% DONE...
100.0	0.0	0.0
20% DONE...
55.1152244239	6.17696911515	38.707806461
40% DONE...
54.9391126522	6.21423446441	38.8466528834
60% DONE...
54.8615752307	6.17998970002	38.9584350693
80% DONE...
54.8460564424	6.18649226688	38.9674512907
########### FINAL FOR A,6 ###############
54.8192	6.202338.9785
########### STARTING FOR A,7 ###############
0% DONE...
0.0	0.0	100.0
20% DONE...
55.9042204789	6.10996945015	37.9858100709
40% DONE...
55.8993602516	6.05823485441	38.042404894
60% DONE...
55.9140734765	6.03365661057	38.0522699129
80% DONE...
55.9455550681	6.06099242376	37.9934525082
########### FINAL FOR A,7 ###############
55.9283	6.05338.0187
########### STARTING FOR A,8 ###############
0% DONE...
0.0	0.0	100.0
20% DONE...
56.8012159939	5.75297123514	37.4458127709
40% DONE...
56.9006077485	5.73998565004	37.3594066015
60% DONE...
56.860571899	5.78099036502	37.3584377359
80% DONE...
56.8640539199	5.81336773329	37.3225783468
########### FINAL FOR A,8 ###############
56.8914	5.809237.2994
########### STARTING FOR A,9 ###############
0% DONE...
100.0	0.0	0.0
20% DONE...
57.9617101914	5.52647236764	36.5118174409
40% DONE...
57.899605251	5.48298629253	36.6174084565
60% DONE...
57.7739037102	5.48099086502	36.7451054248
80% DONE...
57.7518028102	5.49849312688	36.7497040629
########### FINAL FOR A,9 ###############
57.7287	5.513536.7578
########### STARTING FOR A,10 ###############
0% DONE...
0.0	0.0	100.0
20% DONE...
59.3897030515	5.38297308513	35.2273238634
40% DONE...
59.4081014797	5.41773645566	35.1741620646
60% DONE...
59.4150676416	5.39949100085	35.1854413576
80% DONE...
59.4126757342	5.37999327501	35.2073309908
########### FINAL FOR A,10 ###############
59.3945	5.390235.2153
########### STARTING FOR A,J ###############
0% DONE...
100.0	0.0	0.0
20% DONE...
60.3416982915	5.06097469513	34.5973270134
40% DONE...
60.329599176	5.11448721378	34.5559136102
60% DONE...
60.3723993793	5.09315817807	34.5344424426
80% DONE...
60.3531745585	5.09499363126	34.5518318102
########### FINAL FOR A,J ###############
60.3485	5.105934.5456
########### STARTING FOR A,Q ###############
0% DONE...
100.0	0.0	0.0
20% DONE...
61.1746941265	4.58897705511	34.2363288184
40% DONE...
61.149597126	4.61373846565	34.2366644083
60% DONE...
61.2195646341	4.59932566779	34.1811096982
80% DONE...
61.2599234251	4.58424426969	34.1558323052
########### FINAL FOR A,Q ###############
61.3048	4.578934.1163
########### STARTING FOR A,K ###############
0% DONE...
100.0	0.0	0.0
20% DONE...
62.5341873291	4.1414792926	33.3243333783
40% DONE...
62.5785935535	4.13348966628	33.2879167802
60% DONE...
62.5385624357	4.14799308668	33.3134444776
80% DONE...
62.5777967778	4.14011982485	33.2820833974
########### FINAL FOR A,K ###############
62.5773	4.123233.2995
########### STARTING FOR 2,3 ###############
0% DONE...
0.0	100.0	0.0
20% DONE...
29.0553547232	13.0389348053	57.9057104714
40% DONE...
28.9324276689	13.0537173657	58.0138549654
60% DONE...
28.9154518076	13.0179783034	58.0665698891
80% DONE...
28.9478388152	13.031233711	58.0209274738
########### FINAL FOR 2,3 ###############
28.9487	13.043258.0081
########### STARTING FOR 2,4 ###############
0% DONE...
0.0	0.0	100.0
20% DONE...
29.8683506582	12.7774361128	57.3542132289
40% DONE...
29.7746755633	12.8204679488	57.4048564879
60% DONE...
29.7339504434	12.8539785767	57.4120709799
80% DONE...
29.7145878568	12.8746089067	57.4108032365
########### FINAL FOR 2,4 ###############
29.6909	12.857657.4515
########### STARTING FOR 2,5 ###############
0% DONE...
100.0	0.0	0.0
20% DONE...
30.7528462358	12.8874355628	56.3597182014
40% DONE...
30.6009234977	12.9727175682	56.4263589341
60% DONE...
30.664615559	12.9303117828	56.4050726582
80% DONE...
30.6419616975	12.9438588202	56.4141794823
########### FINAL FOR 2,5 ###############
30.6572	12.928556.4143
########### STARTING FOR 2,6 ###############
0% DONE...
0.0	100.0	0.0
20% DONE...
30.3653481733	12.9534352328	56.6812165939
40% DONE...
30.3679240802	12.9302176745	56.7018582454
60% DONE...
30.3372827712	12.9836450273	56.6790722015
80% DONE...
30.3263370921	12.9907337616	56.6829291463
########### FINAL FOR 2,6 ###############
30.3439	13.013956.6422
########### STARTING FOR 2,7 ###############
0% DONE...
100.0	0.0	0.0
20% DONE...
30.4208478958	12.9419352903	56.6372168139
40% DONE...
30.4421738946	12.9444676388	56.6133584666
60% DONE...
30.3854493576	12.9178118036	56.6967388388
80% DONE...
30.4500869374	12.9093588633	56.6405541993
########### FINAL FOR 2,7 ###############
30.4384	12.92856.6336
########### STARTING FOR 2,8 ###############
0% DONE...
100.0	0.0	0.0
20% DONE...
31.9748401258	13.2244338778	54.8007259964
40% DONE...
31.8964202589	13.2419668951	54.861612846
60% DONE...
31.8966135056	13.212811312	54.8905751824
80% DONE...
31.8452101935	13.2291084636	54.9256813429
########### FINAL FOR 2,8 ###############
31.8511	13.218854.9301
########### STARTING FOR 2,9 ###############
0% DONE...
0.0	100.0	0.0
20% DONE...
33.5983320083	13.2334338328	53.1682341588
40% DONE...
33.5889160277	13.1819670451	53.2291169272
60% DONE...
33.4512775812	13.1946446756	53.3540777432
80% DONE...
33.4559581801	13.1541085574	53.3899332626
########### FINAL FOR 2,9 ###############
33.4408	13.156453.4028
########### STARTING FOR 2,10 ###############
0% DONE...
0.0	100.0	0.0
20% DONE...
35.2703236484	12.7934360328	51.9362403188
40% DONE...
35.1736620658	12.779218052	52.0471198822
60% DONE...
35.1689413851	12.7549787417	52.0760798732
80% DONE...
35.1908310115	12.7293590883	52.0798099002
########### FINAL FOR 2,10 ###############
35.2103	12.721952.0678
########### STARTING FOR 2,J ###############
0% DONE...
0.0	0.0	100.0
20% DONE...
37.6638116809	11.6999415003	50.6362468188
40% DONE...
37.7199057002	11.7407206482	50.5393736516
60% DONE...
37.7432704279	11.7439804267	50.5127491454
80% DONE...
37.7130778587	11.7316103355	50.5553118059
########### FINAL FOR 2,J ###############
37.6883	11.739350.5724
########### STARTING FOR 2,Q ###############
0% DONE...
0.0	0.0	100.0
20% DONE...
40.6652966735	11.1109444453	48.2237588812
40% DONE...
40.554398614	11.0962222594	48.3493791266
60% DONE...
40.5514324143	11.0889815184	48.3595860674
80% DONE...
40.5633242958	11.0652361685	48.3714395357
########### FINAL FOR 2,Q ###############
40.5475	11.084348.3682
########### STARTING FOR 2,K ###############
0% DONE...
0.0	100.0	0.0
20% DONE...
45.3032734836	8.94595527022	45.7507712461
40% DONE...
45.3193867015	8.93372766568	45.7468856328
60% DONE...
45.2492579179	8.94215176308	45.808590319
80% DONE...
45.2536934329	8.90661386673	45.8396927004
########### FINAL FOR 2,K ###############
45.2944	8.902245.8034
########### STARTING FOR 3,4 ###############
0% DONE...
0.0	0.0	100.0
20% DONE...
31.7723411383	13.0964345178	55.1312243439
40% DONE...
31.7024207439	13.0667173332	55.2308619228
60% DONE...
31.6944471759	13.0689782184	55.2365746057
80% DONE...
31.6927103841	13.0694836631	55.2378059527
########### FINAL FOR 3,4 ###############
31.68	13.060255.2598
########### STARTING FOR 3,5 ###############
0% DONE...
0.0	100.0	0.0
20% DONE...
32.5193374033	12.8739356303	54.6067269664
40% DONE...
32.5739185652	12.897217757	54.5288636778
60% DONE...
32.6564455726	12.920978465	54.4225759624
80% DONE...
32.6284592144	12.9351088311	54.4364319545
########### FINAL FOR 3,5 ###############
32.6258	12.953754.4205
########### STARTING FOR 3,6 ###############
0% DONE...
0.0	100.0	0.0
20% DONE...
32.0588397058	13.1339343303	54.8072259639
40% DONE...
32.1641695896	13.1382171545	54.697613256
60% DONE...
32.1754463743	13.0921448464	54.7324087793
80% DONE...
32.1938347577	13.1133586083	54.692806634
########### FINAL FOR 3,6 ###############
32.2377	13.111754.6506
########### STARTING FOR 3,7 ###############
0% DONE...
0.0	0.0	100.0
20% DONE...
32.4878375608	12.9614351928	54.5507272464
40% DONE...
32.4591688521	13.013217467	54.527613681
60% DONE...
32.4244459593	13.0348116086	54.5407424321
80% DONE...
32.3764595294	13.0607336741	54.5628067965
########### FINAL FOR 3,7 ###############
32.3871	13.051854.5611
########### STARTING FOR 3,8 ###############
0% DONE...
100.0	0.0	0.0
20% DONE...
32.5678371608	13.3499332503	54.0822295889
40% DONE...
32.6979182552	13.2459668851	54.0561148597
60% DONE...
32.6402789329	13.224811292	54.1349097752
80% DONE...
32.6045842443	13.2126084842	54.1828072715
########### FINAL FOR 3,8 ###############
32.5615	13.213954.2246
########### STARTING FOR 3,9 ###############
0% DONE...
0.0	100.0	0.0
20% DONE...
34.3548282259	13.3154334228	52.3297383513
40% DONE...
34.3616640958	13.2959667601	52.3423691441
60% DONE...
34.341776097	13.2928111786	52.3654127243
80% DONE...
34.3489570638	13.3058583677	52.3451845685
########### FINAL FOR 3,9 ###############
34.3513	13.290952.3578
########### STARTING FOR 3,10 ###############
0% DONE...
0.0	0.0	100.0
20% DONE...
36.2918185409	12.6739366303	51.0342448288
40% DONE...
36.1576596059	12.7537181157	51.0886222784
60% DONE...
36.1134398109	12.76197873	51.124581459
80% DONE...
36.1018298727	12.7438590702	51.1543110571
########### FINAL FOR 3,10 ###############
36.1159	12.715651.1685
########### STARTING FOR 3,J ###############
0% DONE...
100.0	0.0	0.0
20% DONE...
38.6573067135	11.7474412628	49.5952520237
40% DONE...
38.6849032877	11.7587206032	49.5563761091
60% DONE...
38.6939355101	11.8116469806	49.4944175093
80% DONE...
38.771201536	11.7732352835	49.4555631805
########### FINAL FOR 3,J ###############
38.7762	11.787849.436
########### STARTING FOR 3,Q ###############
0% DONE...
0.0	0.0	100.0
20% DONE...
41.5032924835	11.1679441603	47.3287633562
40% DONE...
41.3881465296	11.1807220482	47.4311314222
60% DONE...
41.3840976932	11.139814767	47.4760875399
80% DONE...
41.380823274	11.1384860769	47.4806906491
########### FINAL FOR 3,Q ###############
41.3867	11.144347.469
########### STARTING FOR 3,K ###############
0% DONE...
100.0	0.0	0.0
20% DONE...
46.7872660637	8.48045759771	44.7322763386
40% DONE...
46.7706330734	8.52222869443	44.7071382322
60% DONE...
46.8205886324	8.58215236308	44.5972590046
80% DONE...
46.8105664868	8.58936426329	44.6000692499
########### FINAL FOR 3,K ###############
46.8229	8.587544.5896
########### STARTING FOR 4,5 ###############
0% DONE...
0.0	0.0	100.0
20% DONE...
34.3628281859	12.8664356678	52.7707361463
40% DONE...
34.2834142915	12.8462178845	52.8703678241
60% DONE...
34.341776097	12.8643118928	52.7939120101
80% DONE...
34.397582003	12.819983975	52.782434022
########### FINAL FOR 4,5 ###############
34.3754	12.809752.8149
########### STARTING FOR 4,6 ###############
0% DONE...
0.0	0.0	100.0
20% DONE...
34.1213293934	12.7819360903	53.0967345163
40% DONE...
34.0836647908	12.8299679251	53.0863672841
60% DONE...
34.0899431834	12.8381452698	53.0719115468
80% DONE...
34.0609574238	12.8281089649	53.1109336113
########### FINAL FOR 4,6 ###############
34.0325	12.832753.1348
########### STARTING FOR 4,7 ###############
0% DONE...
100.0	0.0	0.0
20% DONE...
34.1093294534	12.7719361403	53.1187344063
40% DONE...
34.1496646258	12.7897180257	53.0606173485
60% DONE...
34.1832763612	12.8426452623	52.9740783765
80% DONE...
34.1782072772	12.8257339678	52.9960587549
########### FINAL FOR 4,7 ###############
34.2136	12.834252.9522
########### STARTING FOR 4,8 ###############
0% DONE...
0.0	0.0	100.0
20% DONE...
34.2728286359	13.2899335503	52.4372378138
40% DONE...
34.3126642183	13.2762168095	52.4111189722
60% DONE...
34.3929426784	13.2651445581	52.3419127635
80% DONE...
34.4013319983	13.267983415	52.3306845866
########### FINAL FOR 4,8 ###############
34.3825	13.257452.3601
########### STARTING FOR 4,9 ###############
0% DONE...
100.0	0.0	0.0
20% DONE...
34.9358253209	13.2649336753	51.7992410038
40% DONE...
34.9416626458	13.2127169682	51.8456203859
60% DONE...
34.9887750187	13.1989780017	51.8122469796
80% DONE...
34.9798312752	13.1703585371	51.8498101877
########### FINAL FOR 4,9 ###############
34.9759	13.163551.8606
########### STARTING FOR 4,10 ###############
0% DONE...
0.0	0.0	100.0
20% DONE...
36.7833160834	12.6984365078	50.5182474088
40% DONE...
36.8251579371	12.7224681938	50.4523738691
60% DONE...
36.8801051998	12.7463120895	50.3735827107
80% DONE...
36.865578918	12.7769840288	50.3574370532
########### FINAL FOR 4,10 ###############
36.8685	12.785950.3456
########### STARTING FOR 4,J ###############
0% DONE...
0.0	0.0	100.0
20% DONE...
39.377803111	11.9539402303	48.6682566587
40% DONE...
39.4569013577	11.9157202107	48.6273784316
60% DONE...
39.4454342576	11.8818135303	48.6727522121
80% DONE...
39.4130757337	11.8706101617	48.7163141046
########### FINAL FOR 4,J ###############
39.3972	11.861548.7413
########### STARTING FOR 4,Q ###############
0% DONE...
100.0	0.0	0.0
20% DONE...
42.1812890936	11.1539442303	46.6647666762
40% DONE...
42.2026444934	11.0749723126	46.722383194
60% DONE...
42.2129296451	11.1084814859	46.678588869
80% DONE...
42.2479471901	11.1068611164	46.6451916935
########### FINAL FOR 4,Q ###############
42.238	11.146446.6156
########### STARTING FOR 4,K ###############
0% DONE...
0.0	0.0	100.0
20% DONE...
47.2667636662	8.84745576272	43.8857805711
40% DONE...
47.1638820903	8.88947777631	43.9466401334
60% DONE...
47.2349212751	8.93331844447	43.8317602804
80% DONE...
47.2225659718	8.92298884626	43.8544451819
########### FINAL FOR 4,K ###############
47.2213	8.932543.8462
########### STARTING FOR 5,6 ###############
0% DONE...
0.0	0.0	100.0
20% DONE...
35.9568202159	12.8359358203	51.2072439638
40% DONE...
36.0616598459	12.8429678926	51.0953722616
60% DONE...
36.0557732404	12.8516452473	51.0925815124
80% DONE...
36.0550799312	12.8271089661	51.1178111027
########### FINAL FOR 5,6 ###############
36.0304	12.816751.1529
########### STARTING FOR 5,7 ###############
0% DONE...
0.0	0.0	100.0
20% DONE...
36.0433197834	12.7224363878	51.2342438288
40% DONE...
36.0906597734	12.6962182595	51.2131219672
60% DONE...
36.1616063973	12.6744788759	51.1639147268
80% DONE...
36.1360798299	12.6663591671	51.197561003
########### FINAL FOR 5,7 ###############
36.1492	12.682151.1687
########### STARTING FOR 5,8 ###############
0% DONE...
100.0	0.0	0.0
20% DONE...
36.3218183909	12.9954350228	50.6827465863
40% DONE...
36.380409049	13.0337174157	50.5858735353
60% DONE...
36.3462727562	13.0493115845	50.6044156593
80% DONE...
36.3457045679	13.0278587152	50.626436717
########### FINAL FOR 5,8 ###############
36.3449	13.040650.6145
########### STARTING FOR 5,9 ###############
0% DONE...
100.0	0.0	0.0
20% DONE...
36.9788151059	13.0534347328	49.9677501612
40% DONE...
36.9669075827	13.1082172295	49.9248751878
60% DONE...
36.9906050157	13.1193114678	49.8900835165
80% DONE...
36.9852037685	13.08798364	49.9268125915
########### FINAL FOR 5,9 ###############
36.9694	13.09449.9366
########### STARTING FOR 5,10 ###############
0% DONE...
100.0	0.0	0.0
20% DONE...
37.6098119509	12.7229363853	49.6672516637
40% DONE...
37.6441558896	12.6959682601	49.6598758503
60% DONE...
37.6362706062	12.6941455098	49.669583884
80% DONE...
37.6527029341	12.667984165	49.6793129009
########### FINAL FOR 5,10 ###############
37.641	12.672749.6863
########### STARTING FOR 5,J ###############
0% DONE...
0.0	100.0	0.0
20% DONE...
40.4192979035	11.8169409153	47.7637611812
40% DONE...
40.398399004	11.7949705126	47.8066304834
60% DONE...
40.360599399	11.784813692	47.854586909
80% DONE...
40.3294495882	11.834360207	47.8361902048
########### FINAL FOR 5,J ###############
40.3302	11.859447.8104
########### STARTING FOR 5,Q ###############
0% DONE...
0.0	0.0	100.0
20% DONE...
43.0682846586	11.2164439178	45.7152714236
40% DONE...
43.1458921353	11.2267219332	45.6273859315
60% DONE...
43.1615947307	11.190814682	45.6475905873
80% DONE...
43.1659460426	11.178361027	45.6556929304
########### FINAL FOR 5,Q ###############
43.1406	11.180345.6791
########### STARTING FOR 5,K ###############
0% DONE...
100.0	0.0	0.0
20% DONE...
48.0742596287	8.97045514772	42.9552852236
40% DONE...
48.0103799741	8.95222761943	43.0373924065
60% DONE...
48.0540865765	8.91715180475	43.0287616187
80% DONE...
48.0685649143	8.9173638533	43.0140712324
########### FINAL FOR 5,K ###############
48.0864	8.924742.9889
########### STARTING FOR 6,7 ###############
0% DONE...
100.0	0.0	0.0
20% DONE...
37.9253103734	12.3949380253	49.6797516012
40% DONE...
37.898405254	12.4969687576	49.6046259884
60% DONE...
37.965770057	12.4553125745	49.5789173685
80% DONE...
37.9515775605	12.4763594046	49.5720630349
########### FINAL FOR 6,7 ###############
37.9263	12.47549.5987
########### STARTING FOR 6,8 ###############
0% DONE...
100.0	0.0	0.0
20% DONE...
38.222808886	12.7864360678	48.9907550462
40% DONE...
38.2399044002	12.8617178457	48.8983777541
60% DONE...
38.2251029582	12.8233119611	48.9515850807
80% DONE...
38.2044522444	12.8113589858	48.9841887698
########### FINAL FOR 6,8 ###############
38.2165	12.805148.9784
########### STARTING FOR 6,9 ###############
0% DONE...
0.0	0.0	100.0
20% DONE...
38.6313068435	12.8624356878	48.5062574687
40% DONE...
38.7421531446	12.8462178845	48.4116289709
60% DONE...
38.7381021032	12.7989786684	48.4629192285
80% DONE...
38.7565765543	12.7583590521	48.4850643937
########### FINAL FOR 6,9 ###############
38.7522	12.772848.475
########### STARTING FOR 6,10 ###############
0% DONE...
0.0	0.0	100.0
20% DONE...
39.422802886	12.4699376503	48.1072594637
40% DONE...
39.3846515384	12.4702188245	48.1451296372
60% DONE...
39.4119343134	12.4101459831	48.1779197035
80% DONE...
39.4480756899	12.4197344753	48.1321898348
########### FINAL FOR 6,10 ###############
39.4435	12.423848.1327
########### STARTING FOR 6,J ###############
0% DONE...
0.0	0.0	100.0
20% DONE...
40.932795336	11.5574422128	47.5097624512
40% DONE...
40.9298976753	11.5539711151	47.5161312097
60% DONE...
40.9309317818	11.5753140411	47.4937541771
80% DONE...
41.004823744	11.551235561	47.4439406951
########### FINAL FOR 6,J ###############
41.0072	11.537547.4553
########### STARTING FOR 6,Q ###############
0% DONE...
0.0	0.0	100.0
20% DONE...
44.0257798711	10.9459452703	45.0282748586
40% DONE...
44.1771395572	10.9134727163	44.9093877265
60% DONE...
44.1374264376	10.9006484989	44.9619250635
80% DONE...
44.0950698812	10.9217363478	44.983193771
########### FINAL FOR 6,Q ###############
44.0743	10.92245.0037
########### STARTING FOR 6,K ###############
0% DONE...
0.0	0.0	100.0
20% DONE...
49.1652541737	8.57695711521	42.2577887111
40% DONE...
49.2111269722	8.6024784938	42.186394534
60% DONE...
49.1785847024	8.62348562752	42.1979296701
80% DONE...
49.1579385526	8.65448918189	42.1875722655
########### FINAL FOR 6,K ###############
49.1466	8.660342.1931
########### STARTING FOR 7,8 ###############
0% DONE...
0.0	0.0	100.0
20% DONE...
39.9933000335	12.4019379903	47.6047619762
40% DONE...
40.0168999578	12.3969690076	47.5861310347
60% DONE...
40.0795998673	12.4123126461	47.5080874865
80% DONE...
40.0586999266	12.3969845038	47.5443155696
########### FINAL FOR 7,8 ###############
40.0556	12.409347.5351
########### STARTING FOR 7,9 ###############
0% DONE...
0.0	0.0	100.0
20% DONE...
40.8432957835	12.3744381278	46.7822660887
40% DONE...
40.7073982315	12.383219042	46.9093827265
60% DONE...
40.6537655771	12.3859793567	46.9602550662
80% DONE...
40.6268242165	12.4054844931	46.9676912904
########### FINAL FOR 7,9 ###############
40.6735	12.383646.9429
########### STARTING FOR 7,10 ###############
0% DONE...
100.0	0.0	0.0
20% DONE...
41.4262928685	11.8714406428	46.7022664887
40% DONE...
41.4406463984	12.0169699576	46.542383644
60% DONE...
41.3477644204	12.0324799459	46.6197556337
80% DONE...
41.3296983379	12.0837348953	46.5865667668
########### FINAL FOR 7,10 ###############
41.3209	12.109346.5698
########### STARTING FOR 7,J ###############
0% DONE...
0.0	0.0	100.0
20% DONE...
42.7247863761	11.3714431428	45.9037704811
40% DONE...
42.7711430721	11.3614715963	45.8673853315
60% DONE...
42.7247621254	11.3586477356	45.916590139
80% DONE...
42.7386965766	11.3321108349	45.9291925885
########### FINAL FOR 7,J ###############
42.7637	11.337245.8991
########### STARTING FOR 7,Q ###############
0% DONE...
100.0	0.0	0.0
20% DONE...
44.6102769486	10.6999465003	44.6897765511
40% DONE...
44.5568886078	10.7384731538	44.7046382384
60% DONE...
44.7064254893	10.6774822042	44.6160923065
80% DONE...
44.6955691305	10.6849866438	44.6194442257
########### FINAL FOR 7,Q ###############
44.7144	10.666244.6194
########### STARTING FOR 7,K ###############
0% DONE...
100.0	0.0	0.0
20% DONE...
50.0567497163	8.50995745021	41.4332928335
40% DONE...
50.0171249572	8.51797870505	41.4648963378
60% DONE...
50.0460832565	8.47448587586	41.4794308676
80% DONE...
50.0554374307	8.47461440673	41.4699481626
########### FINAL FOR 7,K ###############
50.0295	8.488541.482
########### STARTING FOR 8,9 ###############
0% DONE...
0.0	0.0	100.0
20% DONE...
42.4377878111	12.1514392428	45.4107729461
40% DONE...
42.4558938603	12.1729695676	45.3711365722
60% DONE...
42.4942625096	12.1473130878	45.3584244026
80% DONE...
42.5108218615	12.1521098099	45.3370683287
########### FINAL FOR 8,9 ###############
42.4742	12.144645.3812
########### STARTING FOR 8,10 ###############
0% DONE...
0.0	100.0	0.0
20% DONE...
43.1652841736	11.7144414278	45.1202743986
40% DONE...
43.2038919903	11.6772208069	45.1188872028
60% DONE...
43.2425945957	11.6683138861	45.0890915182
80% DONE...
43.2028209965	11.6301104624	45.1670685412
########### FINAL FOR 8,10 ###############
43.2392	11.625945.1349
########### STARTING FOR 8,J ###############
0% DONE...
0.0	0.0	100.0
20% DONE...
44.6012769936	11.1679441603	44.2307788461
40% DONE...
44.612388469	11.1094722263	44.2781393047
60% DONE...
44.6059256568	11.1243147928	44.2697595504
80% DONE...
44.6206942241	11.1069861163	44.2723196596
########### FINAL FOR 8,J ###############
44.6328	11.115944.2513
########### STARTING FOR 8,Q ###############
0% DONE...
0.0	0.0	100.0
20% DONE...
46.6267668662	10.4579477103	42.9152854236
40% DONE...
46.6176334559	10.4334739163	42.9488926278
60% DONE...
46.525589124	10.4368159386	43.0375949373
80% DONE...
46.5596918004	10.3868620164	43.0534461832
########### FINAL FOR 8,Q ###############
46.573	10.375443.0516
########### STARTING FOR 8,K ###############
0% DONE...
0.0	100.0	0.0
20% DONE...
50.9702451488	8.1169594152	40.912795436
40% DONE...
50.9473726316	8.09872975318	40.9538976153
60% DONE...
50.9502484163	8.13131978113	40.9184318026
80% DONE...
51.019186226	8.09523988095	40.885573893
########### FINAL FOR 8,K ###############
51.0145	8.09740.8885
########### STARTING FOR 9,10 ###############
0% DONE...
100.0	0.0	0.0
20% DONE...
45.1777741111	11.3379433103	43.4842825786
40% DONE...
45.0388874028	11.4204714488	43.5406411484
60% DONE...
45.0780915365	11.4284809525	43.493427511
80% DONE...
45.0723186596	11.4471106911	43.4805706493
########### FINAL FOR 9,10 ###############
45.0735	11.446943.4796
########### STARTING FOR 9,J ###############
0% DONE...
100.0	0.0	0.0
20% DONE...
46.3337683312	10.7599462003	42.9062854686
40% DONE...
46.4311339222	10.8219729451	42.7468931328
60% DONE...
46.4032559946	10.8581485698	42.7385954357
80% DONE...
46.4379419526	10.8588614264	42.703196621
########### FINAL FOR 9,J ###############
46.4589	10.852342.6888
########### STARTING FOR 9,Q ###############
0% DONE...
0.0	0.0	100.0
20% DONE...
48.7692561537	9.76345118274	41.4672926635
40% DONE...
48.8833777916	9.65747585631	41.4591463521
60% DONE...
48.9279184535	9.67215054642	41.3999310001
80% DONE...
48.8828138965	9.70811286486	41.4090732387
########### FINAL FOR 9,Q ###############
48.889	9.70241.409
########### STARTING FOR 9,K ###############
0% DONE...
100.0	0.0	0.0
20% DONE...
52.7987360063	8.0069599652	39.1943040285
40% DONE...
52.6711183222	8.01497996255	39.3139017152
60% DONE...
52.6152456413	8.05181991363	39.3329344451
80% DONE...
52.6118092352	8.07948990064	39.3087008641
########### FINAL FOR 9,K ###############
52.6204	8.068839.3108
########### STARTING FOR 10,J ###############
0% DONE...
100.0	0.0	0.0
20% DONE...
48.4577577112	10.3814480928	41.160794196
40% DONE...
48.4598788503	10.3217241957	41.218396954
60% DONE...
48.3842526929	10.3158161403	41.2999311668
80% DONE...
48.3496895629	10.3058621177	41.3444483194
########### FINAL FOR 10,J ###############
48.3634	10.300441.3362
########### STARTING FOR 10,Q ###############
0% DONE...
100.0	0.0	0.0
20% DONE...
50.1082494588	9.58345208274	40.3082984585
40% DONE...
50.1158747103	9.58447603881	40.2996492509
60% DONE...
50.1004164993	9.58365069392	40.3159328068
80% DONE...
50.1178123527	9.57561303048	40.3065746168
########### FINAL FOR 10,Q ###############
50.1776	9.563540.2589
########### STARTING FOR 10,K ###############
0% DONE...
100.0	0.0	0.0
20% DONE...
54.3762281189	7.59246203769	38.0313098435
40% DONE...
54.4293639266	7.5694810763	38.0011549971
60% DONE...
54.4555759074	7.56948738419	37.9749367084
80% DONE...
54.440806949	7.57274053407	37.9864525169
########### FINAL FOR 10,K ###############
54.3916	7.604438.004
########### STARTING FOR J,Q ###############
0% DONE...
100.0	0.0	0.0
20% DONE...
51.2632436838	9.36345318273	39.3733031335
40% DONE...
51.1926220184	9.36172659568	39.4456513859
60% DONE...
51.202581329	9.3498177503	39.4476009207
80% DONE...
51.221560973	9.34061332423	39.4378257027
########### FINAL FOR J,Q ###############
51.2231	9.332839.4441
########### STARTING FOR J,K ###############
0% DONE...
0.0	0.0	100.0
20% DONE...
54.8862255689	7.47296263519	37.6408117959
40% DONE...
54.8213629466	7.48523128692	37.6934057665
60% DONE...
54.7260754565	7.46782088697	37.8061036565
80% DONE...
54.7606815491	7.48086564892	37.7584528019
########### FINAL FOR J,K ###############
54.7918	7.463437.7448
########### STARTING FOR Q,K ###############
0% DONE...
100.0	0.0	0.0
20% DONE...
55.7687211564	7.23496382518	36.9963150184
40% DONE...
55.8421103947	7.20198199505	36.9559076102
60% DONE...
55.8450735915	7.18915468474	36.9657717237
80% DONE...
55.8434301957	7.20161599798	36.9549538063
########### FINAL FOR Q,K ###############
55.8362	7.208636.9552